2016-06-23 12:44:50,145 - logger - INFO - copy file to desktop...
2016-06-23 12:44:50,145 - logger - INFO - C:\Users\i318869\Documents\workplace\sinaExcel-master\project
2016-06-23 12:44:51,457 - logger - INFO - root path: C:\Users\i318869\Documents\workplace\sinaExcel-master
2016-06-23 12:44:51,513 - logger - INFO - current add extension: C:\Users\i318869\Documents\workplace\sinaExcel-master\Firefox\41\extensions\firebug-2.0.13-fx.xpi
2016-06-23 12:44:55,846 - logger - INFO - current add extension: C:\Users\i318869\Documents\workplace\sinaExcel-master\Firefox\41\extensions\firefinder_for_firebug-1.4-fx.xpi
2016-06-23 12:44:56,123 - logger - INFO - current add extension: C:\Users\i318869\Documents\workplace\sinaExcel-master\Firefox\41\extensions\hulk.xpi
2016-06-23 12:44:56,514 - logger - INFO - current add extension: C:\Users\i318869\Documents\workplace\sinaExcel-master\Firefox\41\extensions\netExport-0.9b6.xpi
2016-06-23 12:44:56,663 - logger - INFO - current add extension: C:\Users\i318869\Documents\workplace\sinaExcel-master\Firefox\41\extensions\selenium-ide.xpi
2016-06-23 12:44:58,811 - logger - INFO - current add extension: C:\Users\i318869\Documents\workplace\sinaExcel-master\Firefox\41\extensions\xpather.xpi
2016-06-23 12:44:58,838 - logger - INFO - Initialize web browser...
2016-06-23 12:45:06,825 - logger - INFO - Open URL: http://finance.sina.com.cn/money/forex/hq/DINIW.shtml
2016-06-23 12:45:09,938 - logger - INFO - canvas is present: True
2016-06-23 12:45:10,317 - logger - INFO - Open URL: http://finance.sina.com.cn/money/forex/hq/EURUSD.shtml
2016-06-23 12:45:12,379 - logger - INFO - Open URL: http://finance.sina.com.cn/money/forex/hq/USDJPY.shtml
2016-06-23 12:45:15,130 - logger - INFO - Open URL: http://finance.sina.com.cn/money/forex/hq/GBPUSD.shtml
2016-06-23 13:04:55,939 - logger - INFO - copy file to desktop...
2016-06-23 13:04:55,940 - logger - INFO - C:\Users\i318869\Documents\workplace\sinaExcel-master\project
2016-06-23 13:04:56,857 - logger - INFO - root path: C:\Users\i318869\Documents\workplace\sinaExcel-master
2016-06-23 13:04:56,913 - logger - INFO - current add extension: C:\Users\i318869\Documents\workplace\sinaExcel-master\Firefox\41\extensions\firebug-2.0.13-fx.xpi
2016-06-23 13:05:01,474 - logger - INFO - current add extension: C:\Users\i318869\Documents\workplace\sinaExcel-master\Firefox\41\extensions\firefinder_for_firebug-1.4-fx.xpi
2016-06-23 13:05:01,782 - logger - INFO - current add extension: C:\Users\i318869\Documents\workplace\sinaExcel-master\Firefox\41\extensions\hulk.xpi
2016-06-23 13:05:02,150 - logger - INFO - current add extension: C:\Users\i318869\Documents\workplace\sinaExcel-master\Firefox\41\extensions\netExport-0.9b6.xpi
2016-06-23 13:05:02,295 - logger - INFO - current add extension: C:\Users\i318869\Documents\workplace\sinaExcel-master\Firefox\41\extensions\selenium-ide.xpi
2016-06-23 13:05:04,514 - logger - INFO - current add extension: C:\Users\i318869\Documents\workplace\sinaExcel-master\Firefox\41\extensions\xpather.xpi
2016-06-23 13:05:04,542 - logger - INFO - Initialize web browser...
2016-06-23 13:05:12,411 - logger - INFO - Open URL: http://finance.sina.com.cn/money/forex/hq/DINIW.shtml
2016-06-23 13:05:15,136 - logger - INFO - canvas is present: True
2016-06-23 13:05:15,520 - logger - INFO - Open URL: http://finance.sina.com.cn/money/forex/hq/EURUSD.shtml
2016-06-23 13:05:17,628 - logger - INFO - Open URL: http://finance.sina.com.cn/money/forex/hq/USDJPY.shtml
2016-06-23 13:05:20,012 - logger - INFO - Open URL: http://finance.sina.com.cn/money/forex/hq/GBPUSD.shtml
2016-06-23 13:05:22,336 - logger - INFO - Open URL: http://stock.finance.sina.com.cn/usstock/quotes/.INX.html
2016-06-23 13:08:02,016 - logger - INFO - copy file to desktop...
2016-06-23 13:08:02,017 - logger - INFO - C:\Users\i318869\Documents\workplace\sinaExcel-master\project
2016-06-23 13:08:03,688 - logger - INFO - root path: C:\Users\i318869\Documents\workplace\sinaExcel-master
2016-06-23 13:08:03,745 - logger - INFO - current add extension: C:\Users\i318869\Documents\workplace\sinaExcel-master\Firefox\41\extensions\firebug-2.0.13-fx.xpi
2016-06-23 13:08:08,326 - logger - INFO - current add extension: C:\Users\i318869\Documents\workplace\sinaExcel-master\Firefox\41\extensions\firefinder_for_firebug-1.4-fx.xpi
2016-06-23 13:08:08,621 - logger - INFO - current add extension: C:\Users\i318869\Documents\workplace\sinaExcel-master\Firefox\41\extensions\hulk.xpi
2016-06-23 13:08:09,023 - logger - INFO - current add extension: C:\Users\i318869\Documents\workplace\sinaExcel-master\Firefox\41\extensions\netExport-0.9b6.xpi
2016-06-23 13:08:09,184 - logger - INFO - current add extension: C:\Users\i318869\Documents\workplace\sinaExcel-master\Firefox\41\extensions\selenium-ide.xpi
2016-06-23 13:08:11,363 - logger - INFO - current add extension: C:\Users\i318869\Documents\workplace\sinaExcel-master\Firefox\41\extensions\xpather.xpi
2016-06-23 13:08:11,392 - logger - INFO - Initialize web browser...
2016-06-23 13:08:19,165 - logger - INFO - Open URL: http://finance.sina.com.cn/money/forex/hq/DINIW.shtml
2016-06-23 13:08:21,577 - logger - INFO - canvas is present: True
2016-06-23 13:08:21,944 - logger - INFO - Open URL: http://finance.sina.com.cn/money/forex/hq/EURUSD.shtml
2016-06-23 13:08:24,313 - logger - INFO - Open URL: http://finance.sina.com.cn/money/forex/hq/USDJPY.shtml
2016-06-23 13:08:26,407 - logger - INFO - Open URL: http://finance.sina.com.cn/money/forex/hq/GBPUSD.shtml
2016-06-23 13:08:28,582 - logger - INFO - Open URL: http://stock.finance.sina.com.cn/usstock/quotes/.INX.html
2016-06-23 13:08:31,142 - logger - INFO - canvas found: True
2016-06-23 13:08:31,190 - logger - INFO - Open URL: http://stock.finance.sina.com.cn/usstock/quotes/.DJI.html
2016-06-23 13:08:33,487 - logger - INFO - canvas found: True
2016-06-23 13:08:33,550 - logger - INFO - Open URL: http://stock.sina.com.cn/usstock/quotes/.IXIC.html
2016-06-23 13:08:35,823 - logger - INFO - canvas found: True
2016-06-23 13:09:03,276 - logger - INFO - copy file to desktop...
2016-06-23 13:09:03,276 - logger - INFO - C:\Users\i318869\Documents\workplace\sinaExcel-master\project
2016-06-23 13:09:06,213 - logger - INFO - root path: C:\Users\i318869\Documents\workplace\sinaExcel-master
2016-06-23 13:09:06,267 - logger - INFO - current add extension: C:\Users\i318869\Documents\workplace\sinaExcel-master\Firefox\41\extensions\firebug-2.0.13-fx.xpi
2016-06-23 13:09:10,598 - logger - INFO - current add extension: C:\Users\i318869\Documents\workplace\sinaExcel-master\Firefox\41\extensions\firefinder_for_firebug-1.4-fx.xpi
2016-06-23 13:09:10,881 - logger - INFO - current add extension: C:\Users\i318869\Documents\workplace\sinaExcel-master\Firefox\41\extensions\hulk.xpi
2016-06-23 13:09:11,282 - logger - INFO - current add extension: C:\Users\i318869\Documents\workplace\sinaExcel-master\Firefox\41\extensions\netExport-0.9b6.xpi
2016-06-23 13:09:11,439 - logger - INFO - current add extension: C:\Users\i318869\Documents\workplace\sinaExcel-master\Firefox\41\extensions\selenium-ide.xpi
2016-06-23 13:09:13,676 - logger - INFO - current add extension: C:\Users\i318869\Documents\workplace\sinaExcel-master\Firefox\41\extensions\xpather.xpi
2016-06-23 13:09:13,710 - logger - INFO - Initialize web browser...
2016-06-23 13:09:21,408 - logger - INFO - Open URL: http://finance.sina.com.cn/money/forex/hq/DINIW.shtml
2016-06-23 13:09:23,667 - logger - INFO - canvas is present: True
2016-06-23 13:09:24,136 - logger - INFO - Open URL: http://finance.sina.com.cn/money/forex/hq/EURUSD.shtml
2016-06-23 13:09:29,046 - logger - INFO - Open URL: http://finance.sina.com.cn/money/forex/hq/USDJPY.shtml
2016-06-23 13:09:31,688 - logger - INFO - Open URL: http://finance.sina.com.cn/money/forex/hq/GBPUSD.shtml
2016-06-23 13:09:33,753 - logger - INFO - Open URL: http://stock.finance.sina.com.cn/usstock/quotes/.INX.html
2016-06-23 13:09:38,980 - logger - INFO - canvas found: True
2016-06-23 13:09:39,033 - logger - INFO - Open URL: http://stock.finance.sina.com.cn/usstock/quotes/.DJI.html
2016-06-23 13:09:41,120 - logger - INFO - canvas found: True
2016-06-23 13:09:41,169 - logger - INFO - Open URL: http://stock.sina.com.cn/usstock/quotes/.IXIC.html
2016-06-23 13:09:43,772 - logger - INFO - canvas found: True
2016-06-23 13:10:57,560 - logger - INFO - copy file to desktop...
2016-06-23 13:10:57,561 - logger - INFO - C:\Users\i318869\Documents\workplace\sinaExcel-master\project
2016-06-23 13:10:58,329 - logger - INFO - root path: C:\Users\i318869\Documents\workplace\sinaExcel-master
2016-06-23 13:10:58,393 - logger - INFO - current add extension: C:\Users\i318869\Documents\workplace\sinaExcel-master\Firefox\41\extensions\firebug-2.0.13-fx.xpi
2016-06-23 13:11:02,906 - logger - INFO - current add extension: C:\Users\i318869\Documents\workplace\sinaExcel-master\Firefox\41\extensions\firefinder_for_firebug-1.4-fx.xpi
2016-06-23 13:11:03,190 - logger - INFO - current add extension: C:\Users\i318869\Documents\workplace\sinaExcel-master\Firefox\41\extensions\hulk.xpi
2016-06-23 13:11:03,571 - logger - INFO - current add extension: C:\Users\i318869\Documents\workplace\sinaExcel-master\Firefox\41\extensions\netExport-0.9b6.xpi
2016-06-23 13:11:03,734 - logger - INFO - current add extension: C:\Users\i318869\Documents\workplace\sinaExcel-master\Firefox\41\extensions\selenium-ide.xpi
2016-06-23 13:11:06,039 - logger - INFO - current add extension: C:\Users\i318869\Documents\workplace\sinaExcel-master\Firefox\41\extensions\xpather.xpi
2016-06-23 13:11:06,080 - logger - INFO - Initialize web browser...
2016-06-23 13:11:13,848 - logger - INFO - Open URL: http://finance.sina.com.cn/money/forex/hq/DINIW.shtml
2016-06-23 13:11:16,221 - logger - INFO - canvas is present: True
2016-06-23 13:11:16,605 - logger - INFO - Open URL: http://finance.sina.com.cn/money/forex/hq/EURUSD.shtml
2016-06-23 13:11:18,871 - logger - INFO - Open URL: http://finance.sina.com.cn/money/forex/hq/USDJPY.shtml
2016-06-23 13:11:21,205 - logger - INFO - Open URL: http://finance.sina.com.cn/money/forex/hq/GBPUSD.shtml
2016-06-23 13:11:23,372 - logger - INFO - Open URL: http://stock.finance.sina.com.cn/usstock/quotes/.INX.html
2016-06-23 13:11:25,965 - logger - INFO - canvas found: True
2016-06-23 13:11:26,031 - logger - INFO - Open URL: http://stock.finance.sina.com.cn/usstock/quotes/.DJI.html
2016-06-23 13:11:28,418 - logger - INFO - canvas found: True
2016-06-23 13:11:28,483 - logger - INFO - Open URL: http://stock.sina.com.cn/usstock/quotes/.IXIC.html
2016-06-23 13:11:30,599 - logger - INFO - canvas found: True
2016-06-23 13:12:11,168 - logger - INFO - copy file to desktop...
2016-06-23 13:12:11,168 - logger - INFO - C:\Users\i318869\Documents\workplace\sinaExcel-master\project
2016-06-23 13:12:13,178 - logger - INFO - root path: C:\Users\i318869\Documents\workplace\sinaExcel-master
2016-06-23 13:12:13,231 - logger - INFO - current add extension: C:\Users\i318869\Documents\workplace\sinaExcel-master\Firefox\41\extensions\firebug-2.0.13-fx.xpi
2016-06-23 13:12:17,810 - logger - INFO - current add extension: C:\Users\i318869\Documents\workplace\sinaExcel-master\Firefox\41\extensions\firefinder_for_firebug-1.4-fx.xpi
2016-06-23 13:12:18,097 - logger - INFO - current add extension: C:\Users\i318869\Documents\workplace\sinaExcel-master\Firefox\41\extensions\hulk.xpi
2016-06-23 13:12:18,490 - logger - INFO - current add extension: C:\Users\i318869\Documents\workplace\sinaExcel-master\Firefox\41\extensions\netExport-0.9b6.xpi
2016-06-23 13:12:18,648 - logger - INFO - current add extension: C:\Users\i318869\Documents\workplace\sinaExcel-master\Firefox\41\extensions\selenium-ide.xpi
2016-06-23 13:12:20,904 - logger - INFO - current add extension: C:\Users\i318869\Documents\workplace\sinaExcel-master\Firefox\41\extensions\xpather.xpi
2016-06-23 13:12:20,953 - logger - INFO - Initialize web browser...
2016-06-23 13:12:28,765 - logger - INFO - Open URL: http://finance.sina.com.cn/money/forex/hq/DINIW.shtml
2016-06-23 13:12:30,962 - logger - INFO - canvas is present: True
2016-06-23 13:12:31,433 - logger - INFO - Open URL: http://finance.sina.com.cn/money/forex/hq/EURUSD.shtml
2016-06-23 13:12:36,696 - logger - INFO - Open URL: http://finance.sina.com.cn/money/forex/hq/USDJPY.shtml
2016-06-23 13:12:51,883 - logger - INFO - Open URL: http://finance.sina.com.cn/money/forex/hq/GBPUSD.shtml
2016-06-23 13:12:54,272 - logger - INFO - Open URL: http://stock.finance.sina.com.cn/usstock/quotes/.INX.html
2016-06-23 13:12:57,556 - logger - INFO - canvas found: True
2016-06-23 13:12:57,632 - logger - INFO - Open URL: http://stock.finance.sina.com.cn/usstock/quotes/.DJI.html
2016-06-23 13:12:59,817 - logger - INFO - canvas found: True
2016-06-23 13:12:59,879 - logger - INFO - Open URL: http://stock.sina.com.cn/usstock/quotes/.IXIC.html
2016-06-23 13:13:01,913 - logger - INFO - canvas found: True
2016-06-23 13:13:28,751 - logger - INFO - copy file to desktop...
2016-06-23 13:13:28,752 - logger - INFO - C:\Users\i318869\Documents\workplace\sinaExcel-master\project
2016-06-23 13:13:32,574 - logger - INFO - root path: C:\Users\i318869\Documents\workplace\sinaExcel-master
2016-06-23 13:13:32,622 - logger - INFO - current add extension: C:\Users\i318869\Documents\workplace\sinaExcel-master\Firefox\41\extensions\firebug-2.0.13-fx.xpi
2016-06-23 13:13:36,964 - logger - INFO - current add extension: C:\Users\i318869\Documents\workplace\sinaExcel-master\Firefox\41\extensions\firefinder_for_firebug-1.4-fx.xpi
2016-06-23 13:13:37,280 - logger - INFO - current add extension: C:\Users\i318869\Documents\workplace\sinaExcel-master\Firefox\41\extensions\hulk.xpi
2016-06-23 13:13:37,694 - logger - INFO - current add extension: C:\Users\i318869\Documents\workplace\sinaExcel-master\Firefox\41\extensions\netExport-0.9b6.xpi
2016-06-23 13:13:37,848 - logger - INFO - current add extension: C:\Users\i318869\Documents\workplace\sinaExcel-master\Firefox\41\extensions\selenium-ide.xpi
2016-06-23 13:13:40,292 - logger - INFO - current add extension: C:\Users\i318869\Documents\workplace\sinaExcel-master\Firefox\41\extensions\xpather.xpi
2016-06-23 13:13:40,324 - logger - INFO - Initialize web browser...
2016-06-23 13:13:47,982 - logger - INFO - Open URL: http://finance.sina.com.cn/money/forex/hq/DINIW.shtml
2016-06-23 13:13:50,541 - logger - INFO - canvas is present: True
2016-06-23 13:13:50,923 - logger - INFO - Open URL: http://finance.sina.com.cn/money/forex/hq/EURUSD.shtml
2016-06-23 13:13:53,082 - logger - INFO - Open URL: http://finance.sina.com.cn/money/forex/hq/USDJPY.shtml
2016-06-23 13:13:55,406 - logger - INFO - Open URL: http://finance.sina.com.cn/money/forex/hq/GBPUSD.shtml
2016-06-23 13:13:58,054 - logger - INFO - Open URL: http://stock.finance.sina.com.cn/usstock/quotes/.INX.html
2016-06-23 13:14:01,251 - logger - INFO - canvas found: True
2016-06-23 13:14:57,819 - logger - INFO - copy file to desktop...
2016-06-23 13:14:57,819 - logger - INFO - C:\Users\i318869\Documents\workplace\sinaExcel-master\project
2016-06-23 13:14:58,976 - logger - INFO - root path: C:\Users\i318869\Documents\workplace\sinaExcel-master
2016-06-23 13:14:59,032 - logger - INFO - current add extension: C:\Users\i318869\Documents\workplace\sinaExcel-master\Firefox\41\extensions\firebug-2.0.13-fx.xpi
2016-06-23 13:15:03,343 - logger - INFO - current add extension: C:\Users\i318869\Documents\workplace\sinaExcel-master\Firefox\41\extensions\firefinder_for_firebug-1.4-fx.xpi
2016-06-23 13:15:03,606 - logger - INFO - current add extension: C:\Users\i318869\Documents\workplace\sinaExcel-master\Firefox\41\extensions\hulk.xpi
2016-06-23 13:15:04,028 - logger - INFO - current add extension: C:\Users\i318869\Documents\workplace\sinaExcel-master\Firefox\41\extensions\netExport-0.9b6.xpi
2016-06-23 13:15:04,170 - logger - INFO - current add extension: C:\Users\i318869\Documents\workplace\sinaExcel-master\Firefox\41\extensions\selenium-ide.xpi
2016-06-23 13:15:06,218 - logger - INFO - current add extension: C:\Users\i318869\Documents\workplace\sinaExcel-master\Firefox\41\extensions\xpather.xpi
2016-06-23 13:15:06,248 - logger - INFO - Initialize web browser...
2016-06-23 13:15:14,173 - logger - INFO - Open URL: http://stock.finance.sina.com.cn/usstock/quotes/.INX.html
2016-06-23 13:15:17,494 - logger - INFO - canvas found: True
2016-06-23 13:18:43,738 - logger - INFO - copy file to desktop...
2016-06-23 13:18:43,739 - logger - INFO - C:\Users\i318869\Documents\workplace\sinaExcel-master\project
2016-06-23 13:18:45,931 - logger - INFO - root path: C:\Users\i318869\Documents\workplace\sinaExcel-master
2016-06-23 13:18:45,985 - logger - INFO - current add extension: C:\Users\i318869\Documents\workplace\sinaExcel-master\Firefox\41\extensions\firebug-2.0.13-fx.xpi
2016-06-23 13:18:50,426 - logger - INFO - current add extension: C:\Users\i318869\Documents\workplace\sinaExcel-master\Firefox\41\extensions\firefinder_for_firebug-1.4-fx.xpi
2016-06-23 13:18:50,710 - logger - INFO - current add extension: C:\Users\i318869\Documents\workplace\sinaExcel-master\Firefox\41\extensions\hulk.xpi
2016-06-23 13:18:51,092 - logger - INFO - current add extension: C:\Users\i318869\Documents\workplace\sinaExcel-master\Firefox\41\extensions\netExport-0.9b6.xpi
2016-06-23 13:18:51,237 - logger - INFO - current add extension: C:\Users\i318869\Documents\workplace\sinaExcel-master\Firefox\41\extensions\selenium-ide.xpi
2016-06-23 13:18:53,389 - logger - INFO - current add extension: C:\Users\i318869\Documents\workplace\sinaExcel-master\Firefox\41\extensions\xpather.xpi
2016-06-23 13:18:53,414 - logger - INFO - Initialize web browser...
2016-06-23 13:19:01,021 - logger - INFO - Open URL: http://stock.finance.sina.com.cn/usstock/quotes/.INX.html
2016-06-23 13:19:04,072 - logger - INFO - canvas found: True
2016-06-23 13:19:21,097 - logger - INFO - copy file to desktop...
2016-06-23 13:19:21,098 - logger - INFO - C:\Users\i318869\Documents\workplace\sinaExcel-master\project
2016-06-23 13:19:22,420 - logger - INFO - root path: C:\Users\i318869\Documents\workplace\sinaExcel-master
2016-06-23 13:19:22,476 - logger - INFO - current add extension: C:\Users\i318869\Documents\workplace\sinaExcel-master\Firefox\41\extensions\firebug-2.0.13-fx.xpi
2016-06-23 13:19:26,787 - logger - INFO - current add extension: C:\Users\i318869\Documents\workplace\sinaExcel-master\Firefox\41\extensions\firefinder_for_firebug-1.4-fx.xpi
2016-06-23 13:19:27,051 - logger - INFO - current add extension: C:\Users\i318869\Documents\workplace\sinaExcel-master\Firefox\41\extensions\hulk.xpi
2016-06-23 13:19:27,441 - logger - INFO - current add extension: C:\Users\i318869\Documents\workplace\sinaExcel-master\Firefox\41\extensions\netExport-0.9b6.xpi
2016-06-23 13:19:27,593 - logger - INFO - current add extension: C:\Users\i318869\Documents\workplace\sinaExcel-master\Firefox\41\extensions\selenium-ide.xpi
2016-06-23 13:19:29,668 - logger - INFO - current add extension: C:\Users\i318869\Documents\workplace\sinaExcel-master\Firefox\41\extensions\xpather.xpi
2016-06-23 13:19:29,699 - logger - INFO - Initialize web browser...
2016-06-23 13:19:37,331 - logger - INFO - Open URL: http://stock.finance.sina.com.cn/usstock/quotes/.INX.html
2016-06-23 13:19:44,321 - logger - INFO - canvas found: True
2016-06-23 13:20:20,281 - logger - INFO - copy file to desktop...
2016-06-23 13:20:20,282 - logger - INFO - C:\Users\i318869\Documents\workplace\sinaExcel-master\project
2016-06-23 13:20:21,463 - logger - INFO - root path: C:\Users\i318869\Documents\workplace\sinaExcel-master
2016-06-23 13:20:21,512 - logger - INFO - current add extension: C:\Users\i318869\Documents\workplace\sinaExcel-master\Firefox\41\extensions\firebug-2.0.13-fx.xpi
2016-06-23 13:20:25,931 - logger - INFO - current add extension: C:\Users\i318869\Documents\workplace\sinaExcel-master\Firefox\41\extensions\firefinder_for_firebug-1.4-fx.xpi
2016-06-23 13:20:26,246 - logger - INFO - current add extension: C:\Users\i318869\Documents\workplace\sinaExcel-master\Firefox\41\extensions\hulk.xpi
2016-06-23 13:20:26,633 - logger - INFO - current add extension: C:\Users\i318869\Documents\workplace\sinaExcel-master\Firefox\41\extensions\netExport-0.9b6.xpi
2016-06-23 13:20:26,781 - logger - INFO - current add extension: C:\Users\i318869\Documents\workplace\sinaExcel-master\Firefox\41\extensions\selenium-ide.xpi
2016-06-23 13:20:29,039 - logger - INFO - current add extension: C:\Users\i318869\Documents\workplace\sinaExcel-master\Firefox\41\extensions\xpather.xpi
2016-06-23 13:20:29,070 - logger - INFO - Initialize web browser...
2016-06-23 13:20:36,692 - logger - INFO - Open URL: http://stock.finance.sina.com.cn/usstock/quotes/.INX.html
2016-06-23 13:20:39,788 - logger - INFO - canvas found: True
2016-06-23 13:37:56,089 - logger - INFO - copy file to desktop...
2016-06-23 13:37:56,090 - logger - INFO - C:\Users\i318869\Documents\workplace\sinaExcel-master\project
2016-06-23 13:37:57,474 - logger - INFO - root path: C:\Users\i318869\Documents\workplace\sinaExcel-master
2016-06-23 13:37:57,528 - logger - INFO - current add extension: C:\Users\i318869\Documents\workplace\sinaExcel-master\Firefox\41\extensions\firebug-2.0.13-fx.xpi
2016-06-23 13:38:02,029 - logger - INFO - current add extension: C:\Users\i318869\Documents\workplace\sinaExcel-master\Firefox\41\extensions\firefinder_for_firebug-1.4-fx.xpi
2016-06-23 13:38:02,320 - logger - INFO - current add extension: C:\Users\i318869\Documents\workplace\sinaExcel-master\Firefox\41\extensions\hulk.xpi
2016-06-23 13:38:02,691 - logger - INFO - current add extension: C:\Users\i318869\Documents\workplace\sinaExcel-master\Firefox\41\extensions\netExport-0.9b6.xpi
2016-06-23 13:38:02,837 - logger - INFO - current add extension: C:\Users\i318869\Documents\workplace\sinaExcel-master\Firefox\41\extensions\selenium-ide.xpi
2016-06-23 13:38:04,963 - logger - INFO - current add extension: C:\Users\i318869\Documents\workplace\sinaExcel-master\Firefox\41\extensions\xpather.xpi
2016-06-23 13:38:04,994 - logger - INFO - Initialize web browser...
2016-06-23 13:38:13,317 - logger - INFO - Open URL: http://finance.sina.com.cn/money/forex/hq/DINIW.shtml
2016-06-23 13:38:15,921 - logger - INFO - canvas is present: True
2016-06-23 13:38:16,304 - logger - INFO - Open URL: http://finance.sina.com.cn/money/forex/hq/EURUSD.shtml
2016-06-23 13:38:19,041 - logger - INFO - Open URL: http://finance.sina.com.cn/money/forex/hq/USDJPY.shtml
2016-06-23 13:38:21,702 - logger - INFO - Open URL: http://finance.sina.com.cn/money/forex/hq/GBPUSD.shtml
2016-06-23 13:38:24,431 - logger - INFO - Open URL: http://stock.finance.sina.com.cn/usstock/quotes/.INX.html
2016-06-23 13:38:27,001 - logger - INFO - canvas found: True
2016-06-23 13:38:27,118 - logger - INFO - closed Value: 2085.45(-0.17%)
2016-06-23 13:38:27,296 - logger - INFO - Open URL: http://stock.finance.sina.com.cn/usstock/quotes/.DJI.html
2016-06-23 13:38:32,510 - logger - INFO - canvas found: True
2016-06-23 13:38:32,634 - logger - INFO - closed Value: 17780.83(-0.27%)
2016-06-23 13:38:32,775 - logger - INFO - Open URL: http://stock.sina.com.cn/usstock/quotes/.IXIC.html
2016-06-23 13:38:34,884 - logger - INFO - canvas found: True
2016-06-23 13:38:35,004 - logger - INFO - closed Value: 4833.32(-0.22%)
2016-07-07 14:30:58,692 - logger - INFO - copy file to desktop...
2016-07-07 14:30:58,692 - logger - INFO - C:\Users\i318869\Documents\workplace\sinaExcel-master\project
2016-07-07 14:31:11,277 - logger - INFO - root path: C:\Users\i318869\Documents\workplace\sinaExcel-master
2016-07-07 14:31:11,409 - logger - INFO - current add extension: C:\Users\i318869\Documents\workplace\sinaExcel-master\Firefox\41\extensions\firebug-2.0.13-fx.xpi
2016-07-07 14:31:15,270 - logger - INFO - current add extension: C:\Users\i318869\Documents\workplace\sinaExcel-master\Firefox\41\extensions\firefinder_for_firebug-1.4-fx.xpi
2016-07-07 14:31:15,540 - logger - INFO - current add extension: C:\Users\i318869\Documents\workplace\sinaExcel-master\Firefox\41\extensions\hulk.xpi
2016-07-07 14:31:15,903 - logger - INFO - current add extension: C:\Users\i318869\Documents\workplace\sinaExcel-master\Firefox\41\extensions\netExport-0.9b6.xpi
2016-07-07 14:31:16,057 - logger - INFO - current add extension: C:\Users\i318869\Documents\workplace\sinaExcel-master\Firefox\41\extensions\selenium-ide.xpi
2016-07-07 14:31:17,904 - logger - INFO - current add extension: C:\Users\i318869\Documents\workplace\sinaExcel-master\Firefox\41\extensions\xpather.xpi
2016-07-07 14:31:17,935 - logger - INFO - Initialize web browser...
2016-07-07 14:31:26,109 - logger - INFO - Open URL: http://finance.sina.com.cn/money/forex/hq/DINIW.shtml
2016-07-07 14:33:24,413 - logger - INFO - copy file to desktop...
2016-07-07 14:33:24,413 - logger - INFO - C:\Users\i318869\Documents\workplace\sinaExcel-master\project
2016-07-07 14:33:24,513 - logger - INFO - Get info from URL:http://caodan.org/page/429
2016-07-07 14:33:24,983 - logger - INFO - get joke....
2016-07-07 14:33:27,331 - logger - INFO - root path: C:\Users\i318869\Documents\workplace\sinaExcel-master
2016-07-07 14:33:27,384 - logger - INFO - current add extension: C:\Users\i318869\Documents\workplace\sinaExcel-master\Firefox\41\extensions\firebug-2.0.13-fx.xpi
2016-07-07 14:33:31,082 - logger - INFO - current add extension: C:\Users\i318869\Documents\workplace\sinaExcel-master\Firefox\41\extensions\firefinder_for_firebug-1.4-fx.xpi
2016-07-07 14:33:31,352 - logger - INFO - current add extension: C:\Users\i318869\Documents\workplace\sinaExcel-master\Firefox\41\extensions\hulk.xpi
2016-07-07 14:33:31,715 - logger - INFO - current add extension: C:\Users\i318869\Documents\workplace\sinaExcel-master\Firefox\41\extensions\netExport-0.9b6.xpi
2016-07-07 14:33:31,853 - logger - INFO - current add extension: C:\Users\i318869\Documents\workplace\sinaExcel-master\Firefox\41\extensions\selenium-ide.xpi
2016-07-07 14:33:33,678 - logger - INFO - current add extension: C:\Users\i318869\Documents\workplace\sinaExcel-master\Firefox\41\extensions\xpather.xpi
2016-07-07 14:33:33,712 - logger - INFO - Initialize web browser...
2016-07-07 14:33:41,354 - logger - INFO - Open URL: http://finance.sina.com.cn/money/forex/hq/DINIW.shtml
2016-07-07 14:33:53,608 - logger - INFO - canvas is present: True
2016-07-07 14:33:54,004 - logger - INFO - Open URL: http://finance.sina.com.cn/money/forex/hq/EURUSD.shtml
2016-07-07 14:33:58,955 - logger - INFO - Open URL: http://finance.sina.com.cn/money/forex/hq/USDJPY.shtml
2016-07-07 14:34:01,965 - logger - INFO - Open URL: http://finance.sina.com.cn/money/forex/hq/GBPUSD.shtml
2016-07-07 14:34:04,500 - logger - INFO - Open URL: http://stock.finance.sina.com.cn/usstock/quotes/.INX.html
2016-07-07 14:34:11,369 - logger - INFO - canvas found: True
2016-07-07 14:34:11,444 - logger - INFO - closed Value: 2099.73(0.54%)
2016-07-07 14:34:11,584 - logger - INFO - Open URL: http://stock.finance.sina.com.cn/usstock/quotes/.DJI.html
2016-07-07 14:34:14,462 - logger - INFO - canvas found: True
2016-07-07 14:34:14,551 - logger - INFO - closed Value: 17918.62(0.44%)
2016-07-07 14:34:14,714 - logger - INFO - Open URL: http://stock.sina.com.cn/usstock/quotes/.IXIC.html
2016-07-07 14:34:17,791 - logger - INFO - canvas found: True
2016-07-07 14:34:17,886 - logger - INFO - closed Value: 4859.16(0.75%)
2016-07-07 14:46:57,735 - logger - INFO - copy file to desktop...
2016-07-07 14:46:57,736 - logger - INFO - C:\Users\i318869\Documents\workplace\sinaExcel-master\project
2016-07-07 14:47:23,803 - logger - INFO - copy file to desktop...
2016-07-07 14:47:23,803 - logger - INFO - C:\Users\i318869\Documents\workplace\sinaExcel-master\project
2016-07-07 14:47:23,935 - logger - INFO - Get info from URL:http://caodan.org/page/271
2016-07-07 14:47:25,212 - logger - INFO - get joke....
2016-07-07 14:47:27,471 - logger - INFO - root path: C:\Users\i318869\Documents\workplace\sinaExcel-master
2016-07-07 14:47:27,509 - logger - INFO - current add extension: C:\Users\i318869\Documents\workplace\sinaExcel-master\Firefox\41\extensions\firebug-2.0.13-fx.xpi
2016-07-07 14:47:31,220 - logger - INFO - current add extension: C:\Users\i318869\Documents\workplace\sinaExcel-master\Firefox\41\extensions\firefinder_for_firebug-1.4-fx.xpi
2016-07-07 14:47:31,452 - logger - INFO - current add extension: C:\Users\i318869\Documents\workplace\sinaExcel-master\Firefox\41\extensions\hulk.xpi
2016-07-07 14:47:31,806 - logger - INFO - current add extension: C:\Users\i318869\Documents\workplace\sinaExcel-master\Firefox\41\extensions\netExport-0.9b6.xpi
2016-07-07 14:47:31,937 - logger - INFO - current add extension: C:\Users\i318869\Documents\workplace\sinaExcel-master\Firefox\41\extensions\selenium-ide.xpi
2016-07-07 14:47:33,665 - logger - INFO - current add extension: C:\Users\i318869\Documents\workplace\sinaExcel-master\Firefox\41\extensions\xpather.xpi
2016-07-07 14:47:33,683 - logger - INFO - Initialize web browser...
2016-07-07 14:47:41,319 - logger - INFO - Open URL: http://finance.sina.com.cn/money/forex/hq/DINIW.shtml
2016-07-07 14:48:07,953 - logger - INFO - canvas is present: True
2016-07-07 14:48:08,329 - logger - INFO - Open URL: http://finance.sina.com.cn/money/forex/hq/EURUSD.shtml
2016-07-07 14:48:10,997 - logger - INFO - Open URL: http://finance.sina.com.cn/money/forex/hq/USDJPY.shtml
2016-07-07 14:48:13,397 - logger - INFO - Open URL: http://finance.sina.com.cn/money/forex/hq/GBPUSD.shtml
2016-07-07 14:48:16,223 - logger - INFO - Open URL: http://stock.finance.sina.com.cn/usstock/quotes/.INX.html
2016-07-07 14:48:37,945 - logger - INFO - canvas found: True
2016-07-07 14:48:38,043 - logger - INFO - closed Value: 2099.73(0.54%)
2016-07-07 14:48:38,184 - logger - INFO - Open URL: http://stock.finance.sina.com.cn/usstock/quotes/.DJI.html
2016-07-07 14:48:57,231 - logger - INFO - canvas found: True
2016-07-07 14:48:57,326 - logger - INFO - closed Value: 17918.62(0.44%)
2016-07-07 14:48:57,465 - logger - INFO - Open URL: http://stock.sina.com.cn/usstock/quotes/.IXIC.html
2016-07-07 14:49:00,680 - logger - INFO - canvas found: True
2016-07-07 14:49:01,105 - logger - INFO - closed Value: 
2016-07-07 14:49:37,567 - logger - INFO - Get URL: http://www.cnss.com.cn/caches/task/exponent/bdi/month.json?v=146787417756620.84
2016-07-07 14:49:37,824 - logger - INFO - data_month: [{'date': '2016-04-11', 'index': '555'}, {'date': '2016-04-12', 'index': '560'}, {'date': '2016-04-13', 'index': '567'}, {'date': '2016-04-14', 'index': '597'}, {'date': '2016-04-15', 'index': '635'}, {'date': '2016-04-18', 'index': '659'}, {'date': '2016-04-19', 'index': '671'}, {'date': '2016-04-20', 'index': '669'}, {'date': '2016-04-21', 'index': '670'}, {'date': '2016-04-22', 'index': '688'}, {'date': '2016-04-25', 'index': '690'}, {'date': '2016-04-26', 'index': '704'}, {'date': '2016-04-27', 'index': '715'}, {'date': '2016-04-28', 'index': '710'}, {'date': '2016-04-29', 'index': '703'}, {'date': '2016-05-03', 'index': '682'}, {'date': '2016-05-04', 'index': '652'}, {'date': '2016-05-05', 'index': '642'}, {'date': '2016-05-06', 'index': '631'}]
2016-07-07 14:49:37,835 - logger - INFO - input data: {'date': '2016-04-29', 'index': '703'}
2016-07-07 14:49:38,017 - logger - INFO - input data: {'date': '2016-05-03', 'index': '682'}
2016-07-07 14:49:38,160 - logger - INFO - input data: {'date': '2016-05-04', 'index': '652'}
2016-07-07 14:49:38,297 - logger - INFO - input data: {'date': '2016-05-05', 'index': '642'}
2016-07-07 14:49:38,433 - logger - INFO - input data: {'date': '2016-05-06', 'index': '631'}
2016-07-07 14:59:45,047 - logger - INFO - copy file to desktop...
2016-07-07 14:59:45,047 - logger - INFO - C:\Users\i318869\Documents\workplace\sinaExcel-master\project
2016-07-07 14:59:45,332 - logger - INFO - Get info from URL:http://caodan.org/page/845
2016-07-07 14:59:45,805 - logger - INFO - get joke....
2016-07-07 14:59:47,386 - logger - INFO - root path: C:\Users\i318869\Documents\workplace\sinaExcel-master
2016-07-07 14:59:47,433 - logger - INFO - current add extension: C:\Users\i318869\Documents\workplace\sinaExcel-master\Firefox\41\extensions\firebug-2.0.13-fx.xpi
2016-07-07 14:59:51,144 - logger - INFO - current add extension: C:\Users\i318869\Documents\workplace\sinaExcel-master\Firefox\41\extensions\firefinder_for_firebug-1.4-fx.xpi
2016-07-07 14:59:51,375 - logger - INFO - current add extension: C:\Users\i318869\Documents\workplace\sinaExcel-master\Firefox\41\extensions\hulk.xpi
2016-07-07 14:59:51,714 - logger - INFO - current add extension: C:\Users\i318869\Documents\workplace\sinaExcel-master\Firefox\41\extensions\netExport-0.9b6.xpi
2016-07-07 14:59:51,861 - logger - INFO - current add extension: C:\Users\i318869\Documents\workplace\sinaExcel-master\Firefox\41\extensions\selenium-ide.xpi
2016-07-07 14:59:53,612 - logger - INFO - current add extension: C:\Users\i318869\Documents\workplace\sinaExcel-master\Firefox\41\extensions\xpather.xpi
2016-07-07 14:59:53,628 - logger - INFO - Initialize web browser...
2016-07-07 15:00:01,260 - logger - INFO - Open URL: http://finance.sina.com.cn/money/forex/hq/DINIW.shtml
